生成启动时间为 10/16/2014 1:51:19 PM。
     1>项目“D:\YanXiao\VideoFluids\VideoFluids\VideoFluids.vcxproj”在节点 2 上(build 个目标)。
     1>InitializeBuildStatus:
         正在对“Debug\VideoFluids.unsuccessfulbuild”执行 Touch 任务。
       ClCompile:
         所有输出均为最新。
       Link:
         C:\Program Files (x86)\Microsoft Visual Studio 10.0\VC\bin\link.exe /ERRORREPORT:PROMPT /OUT:"D:\YanXiao\VideoFluids\Debug\VideoFluids.exe" /NOLOGO opencv_calib3d249d.lib opencv_contrib249d.lib opencv_core249d.lib opencv_nonfree249d.lib opencv_ocl249d.lib opencv_superres249d.lib opencv_ts249d.lib opencv_photo249d.lib opencv_video249d.lib opencv_videostab249d.lib opencv_stitching249d.lib opencv_features2d249d.lib opencv_flann249d.lib opencv_gpu249d.lib opencv_highgui249d.lib opencv_imgproc249d.lib opencv_legacy249d.lib opencv_ml249d.lib opencv_objdetect249d.lib IlmImfd.lib libjasperd.lib libjpegd.lib libpngd.lib libtiffd.lib zlibd.lib comctl32.lib libconfigd.lib libconfig++d.lib kernel32.lib user32.lib gdi32.lib winspool.lib comdlg32.lib advapi32.lib shell32.lib ole32.lib oleaut32.lib uuid.lib odbc32.lib odbccp32.lib /MANIFEST /ManifestFile:"Debug\VideoFluids.exe.intermediate.manifest" /MANIFESTUAC:"level='asInvoker' uiAccess='false'" /DEBUG /PDB:"D:\YanXiao\VideoFluids\Debug\VideoFluids.pdb" /TLBID:1 /DYNAMICBASE /NXCOMPAT /IMPLIB:"D:\YanXiao\VideoFluids\Debug\VideoFluids.lib" /MACHINE:X86 Debug\main.obj
         Debug\Matrix.obj
         Debug\SFS.obj
         Debug\VideoFluids.obj
         VideoFluids.vcxproj -> D:\YanXiao\VideoFluids\Debug\VideoFluids.exe
       Manifest:
         C:\Program Files (x86)\Microsoft SDKs\Windows\v7.0A\bin\mt.exe /nologo /verbose /outputresource:"D:\YanXiao\VideoFluids\Debug\VideoFluids.exe;#1" /manifest Debug\VideoFluids.exe.intermediate.manifest
       FinalizeBuildStatus:
         正在删除文件“Debug\VideoFluids.unsuccessfulbuild”。
         正在对“Debug\VideoFluids.lastbuildstate”执行 Touch 任务。
     1>已完成生成项目“D:\YanXiao\VideoFluids\VideoFluids\VideoFluids.vcxproj”(build 个目标)的操作。

生成成功。

已用时间 00:00:00.60
