生成启动时间为 2014/10/21 17:46:18。
     1>项目“E:\borrow\coding\videoFluids\VideoFluids\VideoFluids\VideoFluids.vcxproj”在节点 2 上(build 个目标)。
     1>InitializeBuildStatus:
         正在创建“Release\VideoFluids.unsuccessfulbuild”，因为已指定“AlwaysCreate”。
       ClCompile:
         d:\Program Files (x86)\Microsoft Visual Studio 10.0\VC\bin\CL.exe /c /Zi /nologo /W3 /WX- /O2 /Oi /Oy- /GL /D _MBCS /Gm- /EHsc /MD /GS /Gy /fp:precise /Zc:wchar_t /Zc:forScope /Fo"Release\\" /Fd"Release\vc100.pdb" /Gd /TP /analyze- /errorReport:prompt Matrix.cpp SFS.cpp VideoFluids.cpp main.cpp
         Matrix.cpp
     1>e:\borrow\coding\libraries\opencv\build\include\opencv2\flann\logger.h(66): warning C4996: 'fopen': This function or variable may be unsafe. Consider using fopen_s instead. To disable deprecation, use _CRT_SECURE_NO_WARNINGS. See online help for details.
                 d:\Program Files (x86)\Microsoft Visual Studio 10.0\VC\include\stdio.h(234) : 参见“fopen”的声明
     1>e:\borrow\coding\videofluids\videofluids\videofluids\Matrix.h(46): warning C4244: “=”: 从“double”转换到“float”，可能丢失数据
     1>e:\borrow\coding\videofluids\videofluids\videofluids\Matrix.h(210): warning C4244: “=”: 从“double”转换到“float”，可能丢失数据
     1>e:\borrow\coding\videofluids\videofluids\videofluids\Matrix.h(226): warning C4996: 'fopen': This function or variable may be unsafe. Consider using fopen_s instead. To disable deprecation, use _CRT_SECURE_NO_WARNINGS. See online help for details.
                 d:\Program Files (x86)\Microsoft Visual Studio 10.0\VC\include\stdio.h(234) : 参见“fopen”的声明
     1>e:\borrow\coding\videofluids\videofluids\videofluids\Matrix.h(305): warning C4244: “=”: 从“double”转换到“float”，可能丢失数据
         SFS.cpp
     1>e:\borrow\coding\libraries\opencv\build\include\opencv2\flann\logger.h(66): warning C4996: 'fopen': This function or variable may be unsafe. Consider using fopen_s instead. To disable deprecation, use _CRT_SECURE_NO_WARNINGS. See online help for details.
                 d:\Program Files (x86)\Microsoft Visual Studio 10.0\VC\include\stdio.h(234) : 参见“fopen”的声明
     1>e:\borrow\coding\videofluids\videofluids\videofluids\Matrix.h(46): warning C4244: “=”: 从“double”转换到“float”，可能丢失数据
     1>e:\borrow\coding\videofluids\videofluids\videofluids\Matrix.h(210): warning C4244: “=”: 从“double”转换到“float”，可能丢失数据
     1>e:\borrow\coding\videofluids\videofluids\videofluids\Matrix.h(226): warning C4996: 'fopen': This function or variable may be unsafe. Consider using fopen_s instead. To disable deprecation, use _CRT_SECURE_NO_WARNINGS. See online help for details.
                 d:\Program Files (x86)\Microsoft Visual Studio 10.0\VC\include\stdio.h(234) : 参见“fopen”的声明
     1>e:\borrow\coding\videofluids\videofluids\videofluids\Matrix.h(305): warning C4244: “=”: 从“double”转换到“float”，可能丢失数据
     1>SFS.cpp(57): warning C4305: “初始化”: 从“double”到“float”截断
     1>SFS.cpp(58): warning C4305: “=”: 从“double”到“float”截断
     1>SFS.cpp(75): warning C4244: “=”: 从“double”转换到“float”，可能丢失数据
     1>SFS.cpp(76): warning C4244: “=”: 从“double”转换到“float”，可能丢失数据
     1>SFS.cpp(77): warning C4244: “=”: 从“double”转换到“float”，可能丢失数据
     1>SFS.cpp(78): warning C4244: “=”: 从“double”转换到“float”，可能丢失数据
     1>SFS.cpp(79): warning C4244: “=”: 从“double”转换到“float”，可能丢失数据
     1>SFS.cpp(82): warning C4244: “=”: 从“double”转换到“float”，可能丢失数据
         VideoFluids.cpp
     1>e:\borrow\coding\libraries\opencv\build\include\opencv2\flann\logger.h(66): warning C4996: 'fopen': This function or variable may be unsafe. Consider using fopen_s instead. To disable deprecation, use _CRT_SECURE_NO_WARNINGS. See online help for details.
                 d:\Program Files (x86)\Microsoft Visual Studio 10.0\VC\include\stdio.h(234) : 参见“fopen”的声明
     1>e:\borrow\coding\videofluids\videofluids\videofluids\Matrix.h(46): warning C4244: “=”: 从“double”转换到“float”，可能丢失数据
     1>e:\borrow\coding\videofluids\videofluids\videofluids\Matrix.h(210): warning C4244: “=”: 从“double”转换到“float”，可能丢失数据
     1>e:\borrow\coding\videofluids\videofluids\videofluids\Matrix.h(226): warning C4996: 'fopen': This function or variable may be unsafe. Consider using fopen_s instead. To disable deprecation, use _CRT_SECURE_NO_WARNINGS. See online help for details.
                 d:\Program Files (x86)\Microsoft Visual Studio 10.0\VC\include\stdio.h(234) : 参见“fopen”的声明
     1>e:\borrow\coding\videofluids\videofluids\videofluids\Matrix.h(305): warning C4244: “=”: 从“double”转换到“float”，可能丢失数据
     1>VideoFluids.cpp(5): warning C4018: “<”: 有符号/无符号不匹配
     1>VideoFluids.cpp(12): warning C4996: 'fopen': This function or variable may be unsafe. Consider using fopen_s instead. To disable deprecation, use _CRT_SECURE_NO_WARNINGS. See online help for details.
                 d:\Program Files (x86)\Microsoft Visual Studio 10.0\VC\include\stdio.h(234) : 参见“fopen”的声明
     1>VideoFluids.cpp(20): warning C4244: “=”: 从“float”转换到“int”，可能丢失数据
     1>VideoFluids.cpp(22): warning C4244: “=”: 从“float”转换到“int”，可能丢失数据
     1>VideoFluids.cpp(31): warning C4244: “=”: 从“float”转换到“uchar”，可能丢失数据
     1>VideoFluids.cpp(43): warning C4018: “<”: 有符号/无符号不匹配
     1>VideoFluids.cpp(49): warning C4018: “<”: 有符号/无符号不匹配
     1>VideoFluids.cpp(66): warning C4018: “<”: 有符号/无符号不匹配
     1>VideoFluids.cpp(70): warning C4018: “<”: 有符号/无符号不匹配
     1>VideoFluids.cpp(79): warning C4018: “<”: 有符号/无符号不匹配
     1>VideoFluids.cpp(83): warning C4996: 'sprintf': This function or variable may be unsafe. Consider using sprintf_s instead. To disable deprecation, use _CRT_SECURE_NO_WARNINGS. See online help for details.
                 d:\Program Files (x86)\Microsoft Visual Studio 10.0\VC\include\stdio.h(371) : 参见“sprintf”的声明
     1>VideoFluids.cpp(85): warning C4018: “<”: 有符号/无符号不匹配
     1>VideoFluids.cpp(86): warning C4996: 'sprintf': This function or variable may be unsafe. Consider using sprintf_s instead. To disable deprecation, use _CRT_SECURE_NO_WARNINGS. See online help for details.
                 d:\Program Files (x86)\Microsoft Visual Studio 10.0\VC\include\stdio.h(371) : 参见“sprintf”的声明
     1>VideoFluids.cpp(94): warning C4018: “<”: 有符号/无符号不匹配
     1>VideoFluids.cpp(97): warning C4996: 'sprintf': This function or variable may be unsafe. Consider using sprintf_s instead. To disable deprecation, use _CRT_SECURE_NO_WARNINGS. See online help for details.
                 d:\Program Files (x86)\Microsoft Visual Studio 10.0\VC\include\stdio.h(371) : 参见“sprintf”的声明
     1>VideoFluids.cpp(118): warning C4996: 'fopen': This function or variable may be unsafe. Consider using fopen_s instead. To disable deprecation, use _CRT_SECURE_NO_WARNINGS. See online help for details.
                 d:\Program Files (x86)\Microsoft Visual Studio 10.0\VC\include\stdio.h(234) : 参见“fopen”的声明
     1>VideoFluids.cpp(173): warning C4996: 'sprintf': This function or variable may be unsafe. Consider using sprintf_s instead. To disable deprecation, use _CRT_SECURE_NO_WARNINGS. See online help for details.
                 d:\Program Files (x86)\Microsoft Visual Studio 10.0\VC\include\stdio.h(371) : 参见“sprintf”的声明
     1>VideoFluids.cpp(185): warning C4244: “初始化”: 从“double”转换到“float”，可能丢失数据
     1>VideoFluids.cpp(185): warning C4244: “初始化”: 从“double”转换到“float”，可能丢失数据
     1>VideoFluids.cpp(185): warning C4244: “初始化”: 从“double”转换到“float”，可能丢失数据
     1>VideoFluids.cpp(187): warning C4018: “<”: 有符号/无符号不匹配
     1>VideoFluids.cpp(209): warning C4018: “<”: 有符号/无符号不匹配
     1>VideoFluids.cpp(219): warning C4018: “<”: 有符号/无符号不匹配
     1>VideoFluids.cpp(278): warning C4244: “=”: 从“double”转换到“float”，可能丢失数据
     1>VideoFluids.cpp(357): warning C4101: “fp”: 未引用的局部变量
         main.cpp
     1>e:\borrow\coding\libraries\opencv\build\include\opencv2\flann\logger.h(66): warning C4996: 'fopen': This function or variable may be unsafe. Consider using fopen_s instead. To disable deprecation, use _CRT_SECURE_NO_WARNINGS. See online help for details.
                 d:\Program Files (x86)\Microsoft Visual Studio 10.0\VC\include\stdio.h(234) : 参见“fopen”的声明
     1>e:\borrow\coding\videofluids\videofluids\videofluids\Matrix.h(46): warning C4244: “=”: 从“double”转换到“float”，可能丢失数据
     1>e:\borrow\coding\videofluids\videofluids\videofluids\Matrix.h(210): warning C4244: “=”: 从“double”转换到“float”，可能丢失数据
     1>e:\borrow\coding\videofluids\videofluids\videofluids\Matrix.h(226): warning C4996: 'fopen': This function or variable may be unsafe. Consider using fopen_s instead. To disable deprecation, use _CRT_SECURE_NO_WARNINGS. See online help for details.
                 d:\Program Files (x86)\Microsoft Visual Studio 10.0\VC\include\stdio.h(234) : 参见“fopen”的声明
     1>e:\borrow\coding\videofluids\videofluids\videofluids\Matrix.h(305): warning C4244: “=”: 从“double”转换到“float”，可能丢失数据
       Link:
         d:\Program Files (x86)\Microsoft Visual Studio 10.0\VC\bin\link.exe /ERRORREPORT:PROMPT /OUT:"E:\borrow\coding\videoFluids\VideoFluids\Release\VideoFluids.exe" /NOLOGO opencv_calib3d249.lib opencv_contrib249.lib opencv_core249.lib opencv_features2d249.lib opencv_nonfree249.lib opencv_ocl249.lib opencv_superres249.lib opencv_ts249.lib opencv_photo249.lib opencv_video249.lib opencv_videostab249.lib opencv_stitching249.lib opencv_flann249.lib opencv_gpu249.lib opencv_highgui249.lib opencv_imgproc249.lib opencv_legacy249.lib opencv_ml249.lib opencv_objdetect249.lib IlmImf.lib libjasper.lib libjpeg.lib libpng.lib libtiff.lib zlib.lib comctl32.lib libconfig.lib libconfig++.lib kernel32.lib user32.lib gdi32.lib winspool.lib comdlg32.lib advapi32.lib shell32.lib ole32.lib oleaut32.lib uuid.lib odbc32.lib odbccp32.lib /MANIFEST /ManifestFile:"Release\VideoFluids.exe.intermediate.manifest" /MANIFESTUAC:"level='asInvoker' uiAccess='false'" /DEBUG /PDB:"E:\borrow\coding\videoFluids\VideoFluids\Release\VideoFluids.pdb" /OPT:REF /OPT:ICF /LTCG /TLBID:1 /DYNAMICBASE /NXCOMPAT /IMPLIB:"E:\borrow\coding\videoFluids\VideoFluids\Release\VideoFluids.lib" /MACHINE:X86 Release\main.obj
         Release\Matrix.obj
         Release\SFS.obj
         Release\VideoFluids.obj
         正在生成代码
         已完成代码的生成
         VideoFluids.vcxproj -> E:\borrow\coding\videoFluids\VideoFluids\Release\VideoFluids.exe
       Manifest:
         C:\Program Files (x86)\Microsoft SDKs\Windows\v7.0A\bin\mt.exe /nologo /verbose /outputresource:"E:\borrow\coding\videoFluids\VideoFluids\Release\VideoFluids.exe;#1" /manifest Release\VideoFluids.exe.intermediate.manifest
       FinalizeBuildStatus:
         正在删除文件“Release\VideoFluids.unsuccessfulbuild”。
         正在对“Release\VideoFluids.lastbuildstate”执行 Touch 任务。
     1>已完成生成项目“E:\borrow\coding\videoFluids\VideoFluids\VideoFluids\VideoFluids.vcxproj”(build 个目标)的操作。

生成成功。

已用时间 00:00:04.83
