D:\SIGGRAPH2015\VIDEOFLUIDS\VIDEOFLUIDS\RELEASE\MAIN.OBJ
D:\SIGGRAPH2015\VIDEOFLUIDS\VIDEOFLUIDS\RELEASE\MATRIX.OBJ
D:\SIGGRAPH2015\VIDEOFLUIDS\VIDEOFLUIDS\RELEASE\SFS.OBJ
D:\YANXIAO\LAB\VIDEOFLUIDS\RELEASE\VIDEOFLUIDS.EXE
D:\YANXIAO\LAB\VIDEOFLUIDS\RELEASE\VIDEOFLUIDS.PDB
D:\YANXIAO\LAB\VIDEOFLUIDS\VIDEOFLUIDS\RELEASE\MAIN.OBJ
D:\YANXIAO\LAB\VIDEOFLUIDS\VIDEOFLUIDS\RELEASE\MATRIX.OBJ
D:\YANXIAO\LAB\VIDEOFLUIDS\VIDEOFLUIDS\RELEASE\SFS.OBJ
D:\YANXIAO\LAB\VIDEOFLUIDS\VIDEOFLUIDS\RELEASE\VC100.PDB
D:\YANXIAO\LAB\VIDEOFLUIDS\VIDEOFLUIDS\RELEASE\VIDEOFLUIDS.EXE.INTERMEDIATE.MANIFEST
D:\YANXIAO\LAB\VIDEOFLUIDS\VIDEOFLUIDS\RELEASE\VIDEOFLUIDS.OBJ
D:\YANXIAO\VIDEOFLUIDS\RELEASE\VIDEOFLUIDS.EXE
D:\YANXIAO\VIDEOFLUIDS\RELEASE\VIDEOFLUIDS.PDB
D:\YANXIAO\VIDEOFLUIDS\VIDEOFLUIDS\RELEASE\MAIN.OBJ
D:\YANXIAO\VIDEOFLUIDS\VIDEOFLUIDS\RELEASE\MATRIX.OBJ
D:\YANXIAO\VIDEOFLUIDS\VIDEOFLUIDS\RELEASE\SFS.OBJ
D:\YANXIAO\VIDEOFLUIDS\VIDEOFLUIDS\RELEASE\VC100.PDB
D:\YANXIAO\VIDEOFLUIDS\VIDEOFLUIDS\RELEASE\VIDEOFLUIDS.EXE.INTERMEDIATE.MANIFEST
D:\YANXIAO\VIDEOFLUIDS\VIDEOFLUIDS\RELEASE\VIDEOFLUIDS.OBJ
E:\borrow\coding\videoFluids\VideoFluids\Release\VideoFluids.exe
E:\borrow\coding\videoFluids\VideoFluids\Release\VideoFluids.pdb
E:\borrow\coding\videoFluids\VideoFluids\VideoFluids\Release\cl.command.1.tlog
E:\borrow\coding\videoFluids\VideoFluids\VideoFluids\Release\CL.read.1.tlog
E:\borrow\coding\videoFluids\VideoFluids\VideoFluids\Release\CL.write.1.tlog
E:\borrow\coding\videoFluids\VideoFluids\VideoFluids\Release\link.command.1.tlog
E:\borrow\coding\videoFluids\VideoFluids\VideoFluids\Release\link.read.1.tlog
E:\borrow\coding\videoFluids\VideoFluids\VideoFluids\Release\link.write.1.tlog
E:\borrow\coding\videoFluids\VideoFluids\VideoFluids\Release\main.obj
E:\borrow\coding\videoFluids\VideoFluids\VideoFluids\Release\Matrix.obj
E:\borrow\coding\videoFluids\VideoFluids\VideoFluids\Release\mt.command.1.tlog
E:\borrow\coding\videoFluids\VideoFluids\VideoFluids\Release\mt.read.1.tlog
E:\borrow\coding\videoFluids\VideoFluids\VideoFluids\Release\mt.write.1.tlog
E:\borrow\coding\videoFluids\VideoFluids\VideoFluids\Release\SFS.obj
E:\borrow\coding\videoFluids\VideoFluids\VideoFluids\Release\vc100.pdb
E:\borrow\coding\videoFluids\VideoFluids\VideoFluids\Release\VideoFluids.exe.intermediate.manifest
E:\borrow\coding\videoFluids\VideoFluids\VideoFluids\Release\VideoFluids.obj
E:\borrow\coding\videoFluids\VideoFluids\VideoFluids\Release\VideoFluids.vcxprojResolveAssemblyReference.cache
E:\borrow\coding\videoFluids\VideoFluids\VideoFluids\Release\VideoFluids.write.1.tlog
