生成启动时间为 2014/11/25 22:29:35。
     1>项目“D:\YanXiao\lab\Github\Divergence-free_Wavelet\C++\ConfigParse\ConfigParse\ConfigParse.vcxproj”在节点 2 上(build 个目标)。
     1>InitializeBuildStatus:
         正在创建“Debug\ConfigParse.unsuccessfulbuild”，因为已指定“AlwaysCreate”。
       ClCompile:
         C:\Program Files (x86)\Microsoft Visual Studio 10.0\VC\bin\CL.exe /c /ZI /nologo /W3 /WX- /Od /Oy- /D _MBCS /Gm /EHsc /RTC1 /MDd /GS /fp:precise /Zc:wchar_t /Zc:forScope /Fo"Debug\\" /Fd"Debug\vc100.pdb" /Gd /TP /analyze- /errorReport:prompt main.cpp
         main.cpp
     1>d:\yanxiao\lab\github\divergence-free_wavelet\c++\configparse\configparse\configparse.h(73): warning C4996: 'fopen': This function or variable may be unsafe. Consider using fopen_s instead. To disable deprecation, use _CRT_SECURE_NO_WARNINGS. See online help for details.
                 c:\program files (x86)\microsoft visual studio 10.0\vc\include\stdio.h(234) : 参见“fopen”的声明
       Link:
         C:\Program Files (x86)\Microsoft Visual Studio 10.0\VC\bin\link.exe /ERRORREPORT:PROMPT /OUT:"D:\YanXiao\lab\Github\Divergence-free_Wavelet\C++\ConfigParse\Debug\ConfigParse.exe" /NOLOGO kernel32.lib user32.lib gdi32.lib winspool.lib comdlg32.lib advapi32.lib shell32.lib ole32.lib oleaut32.lib uuid.lib odbc32.lib odbccp32.lib /MANIFEST /ManifestFile:"Debug\ConfigParse.exe.intermediate.manifest" /MANIFESTUAC:"level='asInvoker' uiAccess='false'" /DEBUG /PDB:"D:\YanXiao\lab\Github\Divergence-free_Wavelet\C++\ConfigParse\Debug\ConfigParse.pdb" /TLBID:1 /DYNAMICBASE /NXCOMPAT /IMPLIB:"D:\YanXiao\lab\Github\Divergence-free_Wavelet\C++\ConfigParse\Debug\ConfigParse.lib" /MACHINE:X86 Debug\main.obj
         LINK : 没有找到 D:\YanXiao\lab\Github\Divergence-free_Wavelet\C++\ConfigParse\Debug\ConfigParse.exe 或上一个增量链接没有生成它；正在执行完全链接
         ConfigParse.vcxproj -> D:\YanXiao\lab\Github\Divergence-free_Wavelet\C++\ConfigParse\Debug\ConfigParse.exe
       Manifest:
         C:\Program Files (x86)\Microsoft SDKs\Windows\v7.0A\bin\mt.exe /nologo /verbose /outputresource:"D:\YanXiao\lab\Github\Divergence-free_Wavelet\C++\ConfigParse\Debug\ConfigParse.exe;#1" /manifest Debug\ConfigParse.exe.intermediate.manifest
       FinalizeBuildStatus:
         正在删除文件“Debug\ConfigParse.unsuccessfulbuild”。
         正在对“Debug\ConfigParse.lastbuildstate”执行 Touch 任务。
     1>已完成生成项目“D:\YanXiao\lab\Github\Divergence-free_Wavelet\C++\ConfigParse\ConfigParse\ConfigParse.vcxproj”(build 个目标)的操作。

生成成功。

已用时间 00:00:01.27
