生成启动时间为 2014/10/28 14:56:20。
     1>项目“E:\borrow\github\Divergence-free_Wavelet\C++\fluidsGL\fluidsGL_vs2010.vcxproj”在节点 2 上(build 个目标)。
     1>InitializeBuildStatus:
         正在创建“Win32/Debug/fluidsGL.unsuccessfulbuild”，因为已指定“AlwaysCreate”。
       AddCudaCompileDeps:
       正在跳过目标“AddCudaCompileDeps”，因为所有输出文件相对于输入文件而言都是最新的。
       AddCudaCompilePropsDeps:
       正在跳过目标“AddCudaCompilePropsDeps”，因为所有输出文件相对于输入文件而言都是最新的。
       CudaBuild:
       正在跳过目标“CudaBuild”，因为所有输出文件相对于输入文件而言都是最新的。
       ClCompile:
         所有输出均为最新。
       Link:
         所有输出均为最新。
         fluidsGL_vs2010.vcxproj -> E:\borrow\github\Divergence-free_Wavelet\C++\fluidsGL\./bin/win32/Debug/fluidsGL.exe
       FinalizeBuildStatus:
         正在删除文件“Win32/Debug/fluidsGL.unsuccessfulbuild”。
         正在对“Win32/Debug/fluidsGL.lastbuildstate”执行 Touch 任务。
     1>已完成生成项目“E:\borrow\github\Divergence-free_Wavelet\C++\fluidsGL\fluidsGL_vs2010.vcxproj”(build 个目标)的操作。

生成成功。

已用时间 00:00:00.05
