生成启动时间为 2014/11/16 12:08:48。
     1>项目“D:\YanXiao\lab\Github\Divergence-free_Wavelet\C++\DivergenceFreeWavelet\DivergenceFreeWavelet\DivergenceFreeWavelet.vcxproj”在节点 2 上(Build 个目标)。
     1>ClCompile:
         C:\Program Files (x86)\Microsoft Visual Studio 12.0\VC\bin\CL.exe /c /ZI /nologo /W3 /WX- /Od /Oy- /D _MBCS /Gm /EHsc /RTC1 /MDd /GS /fp:precise /Zc:wchar_t /Zc:forScope /Fo"Debug\\" /Fd"Debug\vc120.pdb" /Gd /TP /analyze- /errorReport:prompt BaseWavelet.cpp DFdwt2D.cpp DFdwt3d.cpp Filter.cpp main.cpp
         DFdwt3d.cpp
     1>d:\yanxiao\lab\github\divergence-free_wavelet\c++\divergencefreewavelet\divergencefreewavelet\stdafx.h(65): warning C4996: 'fopen': This function or variable may be unsafe. Consider using fopen_s instead. To disable deprecation, use _CRT_SECURE_NO_WARNINGS. See online help for details.
                 c:\program files (x86)\microsoft visual studio 12.0\vc\include\stdio.h(211) : 参见“fopen”的声明
     1>d:\yanxiao\lab\github\divergence-free_wavelet\c++\divergencefreewavelet\divergencefreewavelet\dfdwt3d.cpp(4): warning C4996: 'fopen': This function or variable may be unsafe. Consider using fopen_s instead. To disable deprecation, use _CRT_SECURE_NO_WARNINGS. See online help for details.
                 c:\program files (x86)\microsoft visual studio 12.0\vc\include\stdio.h(211) : 参见“fopen”的声明
     1>d:\yanxiao\lab\github\divergence-free_wavelet\c++\divergencefreewavelet\divergencefreewavelet\dfdwt3d.cpp(8): warning C4996: 'fscanf': This function or variable may be unsafe. Consider using fscanf_s instead. To disable deprecation, use _CRT_SECURE_NO_WARNINGS. See online help for details.
                 c:\program files (x86)\microsoft visual studio 12.0\vc\include\stdio.h(230) : 参见“fscanf”的声明
     1>d:\yanxiao\lab\github\divergence-free_wavelet\c++\divergencefreewavelet\divergencefreewavelet\dfdwt3d.cpp(10): warning C4996: 'fopen': This function or variable may be unsafe. Consider using fopen_s instead. To disable deprecation, use _CRT_SECURE_NO_WARNINGS. See online help for details.
                 c:\program files (x86)\microsoft visual studio 12.0\vc\include\stdio.h(211) : 参见“fopen”的声明
     1>d:\yanxiao\lab\github\divergence-free_wavelet\c++\divergencefreewavelet\divergencefreewavelet\dfdwt3d.cpp(14): warning C4996: 'fscanf': This function or variable may be unsafe. Consider using fscanf_s instead. To disable deprecation, use _CRT_SECURE_NO_WARNINGS. See online help for details.
                 c:\program files (x86)\microsoft visual studio 12.0\vc\include\stdio.h(230) : 参见“fscanf”的声明
     1>d:\yanxiao\lab\github\divergence-free_wavelet\c++\divergencefreewavelet\divergencefreewavelet\dfdwt3d.cpp(16): warning C4996: 'fopen': This function or variable may be unsafe. Consider using fopen_s instead. To disable deprecation, use _CRT_SECURE_NO_WARNINGS. See online help for details.
                 c:\program files (x86)\microsoft visual studio 12.0\vc\include\stdio.h(211) : 参见“fopen”的声明
     1>d:\yanxiao\lab\github\divergence-free_wavelet\c++\divergencefreewavelet\divergencefreewavelet\dfdwt3d.cpp(20): warning C4996: 'fscanf': This function or variable may be unsafe. Consider using fscanf_s instead. To disable deprecation, use _CRT_SECURE_NO_WARNINGS. See online help for details.
                 c:\program files (x86)\microsoft visual studio 12.0\vc\include\stdio.h(230) : 参见“fscanf”的声明
     1>d:\yanxiao\lab\github\divergence-free_wavelet\c++\divergencefreewavelet\divergencefreewavelet\dfdwt3d.cpp(28): error C2440: “=”: 无法从“double ***”转换为“double **”
                 与指向的类型无关；转换要求 reinterpret_cast、C 样式转换或函数样式转换
     1>d:\yanxiao\lab\github\divergence-free_wavelet\c++\divergencefreewavelet\divergencefreewavelet\dfdwt3d.cpp(29): error C2440: “=”: 无法从“double ***”转换为“double **”
                 与指向的类型无关；转换要求 reinterpret_cast、C 样式转换或函数样式转换
     1>d:\yanxiao\lab\github\divergence-free_wavelet\c++\divergencefreewavelet\divergencefreewavelet\dfdwt3d.cpp(34): error C3861: “fwt2d_uv”:  找不到标识符
     1>d:\yanxiao\lab\github\divergence-free_wavelet\c++\divergencefreewavelet\divergencefreewavelet\dfdwt3d.cpp(35): error C2065: “waveletCoeULL”: 未声明的标识符
     1>d:\yanxiao\lab\github\divergence-free_wavelet\c++\divergencefreewavelet\divergencefreewavelet\dfdwt3d.cpp(35): error C2228: “.push_back”的左边必须有类/结构/联合
                 类型是“unknown-type”
     1>d:\yanxiao\lab\github\divergence-free_wavelet\c++\divergencefreewavelet\divergencefreewavelet\dfdwt3d.cpp(36): error C2065: “waveletCoeULH”: 未声明的标识符
     1>d:\yanxiao\lab\github\divergence-free_wavelet\c++\divergencefreewavelet\divergencefreewavelet\dfdwt3d.cpp(36): error C2228: “.push_back”的左边必须有类/结构/联合
                 类型是“unknown-type”
     1>d:\yanxiao\lab\github\divergence-free_wavelet\c++\divergencefreewavelet\divergencefreewavelet\dfdwt3d.cpp(37): error C2065: “waveletCoeUHL”: 未声明的标识符
     1>d:\yanxiao\lab\github\divergence-free_wavelet\c++\divergencefreewavelet\divergencefreewavelet\dfdwt3d.cpp(37): error C2228: “.push_back”的左边必须有类/结构/联合
                 类型是“unknown-type”
     1>d:\yanxiao\lab\github\divergence-free_wavelet\c++\divergencefreewavelet\divergencefreewavelet\dfdwt3d.cpp(38): error C2065: “waveletCoeUHH”: 未声明的标识符
     1>d:\yanxiao\lab\github\divergence-free_wavelet\c++\divergencefreewavelet\divergencefreewavelet\dfdwt3d.cpp(38): error C2228: “.push_back”的左边必须有类/结构/联合
                 类型是“unknown-type”
     1>d:\yanxiao\lab\github\divergence-free_wavelet\c++\divergencefreewavelet\divergencefreewavelet\dfdwt3d.cpp(39): error C2065: “waveletCoeVLL”: 未声明的标识符
     1>d:\yanxiao\lab\github\divergence-free_wavelet\c++\divergencefreewavelet\divergencefreewavelet\dfdwt3d.cpp(39): error C2228: “.push_back”的左边必须有类/结构/联合
                 类型是“unknown-type”
     1>d:\yanxiao\lab\github\divergence-free_wavelet\c++\divergencefreewavelet\divergencefreewavelet\dfdwt3d.cpp(40): error C2065: “waveletCoeVLH”: 未声明的标识符
     1>d:\yanxiao\lab\github\divergence-free_wavelet\c++\divergencefreewavelet\divergencefreewavelet\dfdwt3d.cpp(40): error C2228: “.push_back”的左边必须有类/结构/联合
                 类型是“unknown-type”
     1>d:\yanxiao\lab\github\divergence-free_wavelet\c++\divergencefreewavelet\divergencefreewavelet\dfdwt3d.cpp(41): error C2065: “waveletCoeVHL”: 未声明的标识符
     1>d:\yanxiao\lab\github\divergence-free_wavelet\c++\divergencefreewavelet\divergencefreewavelet\dfdwt3d.cpp(41): error C2228: “.push_back”的左边必须有类/结构/联合
                 类型是“unknown-type”
     1>d:\yanxiao\lab\github\divergence-free_wavelet\c++\divergencefreewavelet\divergencefreewavelet\dfdwt3d.cpp(42): error C2065: “waveletCoeVHH”: 未声明的标识符
     1>d:\yanxiao\lab\github\divergence-free_wavelet\c++\divergencefreewavelet\divergencefreewavelet\dfdwt3d.cpp(42): error C2228: “.push_back”的左边必须有类/结构/联合
                 类型是“unknown-type”
     1>d:\yanxiao\lab\github\divergence-free_wavelet\c++\divergencefreewavelet\divergencefreewavelet\dfdwt3d.cpp(86): error C2059: 语法错误:“}”
     1>d:\yanxiao\lab\github\divergence-free_wavelet\c++\divergencefreewavelet\divergencefreewavelet\dfdwt3d.cpp(91): error C2065: “waveletCoeULL”: 未声明的标识符
     1>d:\yanxiao\lab\github\divergence-free_wavelet\c++\divergencefreewavelet\divergencefreewavelet\dfdwt3d.cpp(91): error C2065: “waveletCoeVLL”: 未声明的标识符
     1>d:\yanxiao\lab\github\divergence-free_wavelet\c++\divergencefreewavelet\divergencefreewavelet\dfdwt3d.cpp(95): error C2065: “waveletCoeUHL”: 未声明的标识符
     1>d:\yanxiao\lab\github\divergence-free_wavelet\c++\divergencefreewavelet\divergencefreewavelet\dfdwt3d.cpp(95): error C2065: “waveletCoeULH”: 未声明的标识符
     1>d:\yanxiao\lab\github\divergence-free_wavelet\c++\divergencefreewavelet\divergencefreewavelet\dfdwt3d.cpp(95): error C2065: “waveletCoeUHH”: 未声明的标识符
     1>d:\yanxiao\lab\github\divergence-free_wavelet\c++\divergencefreewavelet\divergencefreewavelet\dfdwt3d.cpp(95): error C2065: “waveletCoeVLH”: 未声明的标识符
     1>d:\yanxiao\lab\github\divergence-free_wavelet\c++\divergencefreewavelet\divergencefreewavelet\dfdwt3d.cpp(95): error C2065: “waveletCoeVHL”: 未声明的标识符
     1>d:\yanxiao\lab\github\divergence-free_wavelet\c++\divergencefreewavelet\divergencefreewavelet\dfdwt3d.cpp(95): error C2065: “waveletCoeVHH”: 未声明的标识符
     1>d:\yanxiao\lab\github\divergence-free_wavelet\c++\divergencefreewavelet\divergencefreewavelet\dfdwt3d.cpp(95): error C3861: “ifwt2d_uv”:  找不到标识符
     1>d:\yanxiao\lab\github\divergence-free_wavelet\c++\divergencefreewavelet\divergencefreewavelet\dfdwt3d.cpp(96): error C2065: “recWaveletCoeULL”: 未声明的标识符
     1>d:\yanxiao\lab\github\divergence-free_wavelet\c++\divergencefreewavelet\divergencefreewavelet\dfdwt3d.cpp(96): error C2228: “.push_back”的左边必须有类/结构/联合
                 类型是“unknown-type”
     1>d:\yanxiao\lab\github\divergence-free_wavelet\c++\divergencefreewavelet\divergencefreewavelet\dfdwt3d.cpp(97): error C2065: “recWaveletCoeVLL”: 未声明的标识符
     1>d:\yanxiao\lab\github\divergence-free_wavelet\c++\divergencefreewavelet\divergencefreewavelet\dfdwt3d.cpp(97): error C2228: “.push_back”的左边必须有类/结构/联合
                 类型是“unknown-type”
     1>d:\yanxiao\lab\github\divergence-free_wavelet\c++\divergencefreewavelet\divergencefreewavelet\dfdwt3d.cpp(122): error C2065: “fwt3d”: 未声明的标识符
     1>d:\yanxiao\lab\github\divergence-free_wavelet\c++\divergencefreewavelet\divergencefreewavelet\dfdwt3d.cpp(122): error C2143: 语法错误 : 缺少“;”(在“}”的前面)
     1>d:\yanxiao\lab\github\divergence-free_wavelet\c++\divergencefreewavelet\divergencefreewavelet\dfdwt3d.cpp(123): error C2039: “fwt3d_uv”: 不是“DFdwt3D”的成员
                 d:\yanxiao\lab\github\divergence-free_wavelet\c++\divergencefreewavelet\divergencefreewavelet\dfdwt3d.h(7) : 参见“DFdwt3D”的声明
     1>d:\yanxiao\lab\github\divergence-free_wavelet\c++\divergencefreewavelet\divergencefreewavelet\dfdwt3d.cpp(126): error C2065: “filter1”: 未声明的标识符
     1>d:\yanxiao\lab\github\divergence-free_wavelet\c++\divergencefreewavelet\divergencefreewavelet\dfdwt3d.cpp(126): error C2228: “.lod”的左边必须有类/结构/联合
                 类型是“unknown-type”
     1>d:\yanxiao\lab\github\divergence-free_wavelet\c++\divergencefreewavelet\divergencefreewavelet\dfdwt3d.cpp(126): error C2065: “filter0”: 未声明的标识符
     1>d:\yanxiao\lab\github\divergence-free_wavelet\c++\divergencefreewavelet\divergencefreewavelet\dfdwt3d.cpp(126): error C2228: “.hid”的左边必须有类/结构/联合
                 类型是“unknown-type”
     1>d:\yanxiao\lab\github\divergence-free_wavelet\c++\divergencefreewavelet\divergencefreewavelet\dfdwt3d.cpp(126): error C3861: “fwt2d”:  找不到标识符
     1>d:\yanxiao\lab\github\divergence-free_wavelet\c++\divergencefreewavelet\divergencefreewavelet\dfdwt3d.cpp(127): error C2065: “v”: 未声明的标识符
     1>d:\yanxiao\lab\github\divergence-free_wavelet\c++\divergencefreewavelet\divergencefreewavelet\dfdwt3d.cpp(127): error C2065: “filter0”: 未声明的标识符
     1>d:\yanxiao\lab\github\divergence-free_wavelet\c++\divergencefreewavelet\divergencefreewavelet\dfdwt3d.cpp(127): error C2228: “.lod”的左边必须有类/结构/联合
                 类型是“unknown-type”
     1>d:\yanxiao\lab\github\divergence-free_wavelet\c++\divergencefreewavelet\divergencefreewavelet\dfdwt3d.cpp(127): error C2065: “filter1”: 未声明的标识符
     1>d:\yanxiao\lab\github\divergence-free_wavelet\c++\divergencefreewavelet\divergencefreewavelet\dfdwt3d.cpp(127): error C2228: “.hid”的左边必须有类/结构/联合
                 类型是“unknown-type”
     1>d:\yanxiao\lab\github\divergence-free_wavelet\c++\divergencefreewavelet\divergencefreewavelet\dfdwt3d.cpp(127): error C3861: “fwt2d”:  找不到标识符
     1>d:\yanxiao\lab\github\divergence-free_wavelet\c++\divergencefreewavelet\divergencefreewavelet\dfdwt3d.cpp(128): error C2065: “ull”: 未声明的标识符
     1>d:\yanxiao\lab\github\divergence-free_wavelet\c++\divergencefreewavelet\divergencefreewavelet\dfdwt3d.cpp(129): error C2065: “vll”: 未声明的标识符
     1>d:\yanxiao\lab\github\divergence-free_wavelet\c++\divergencefreewavelet\divergencefreewavelet\dfdwt3d.cpp(130): error C2065: “uhl”: 未声明的标识符
     1>d:\yanxiao\lab\github\divergence-free_wavelet\c++\divergencefreewavelet\divergencefreewavelet\dfdwt3d.cpp(131): error C2065: “vhl”: 未声明的标识符
     1>d:\yanxiao\lab\github\divergence-free_wavelet\c++\divergencefreewavelet\divergencefreewavelet\dfdwt3d.cpp(132): error C2065: “ulh”: 未声明的标识符
     1>d:\yanxiao\lab\github\divergence-free_wavelet\c++\divergencefreewavelet\divergencefreewavelet\dfdwt3d.cpp(133): error C2065: “vlh”: 未声明的标识符
     1>d:\yanxiao\lab\github\divergence-free_wavelet\c++\divergencefreewavelet\divergencefreewavelet\dfdwt3d.cpp(134): error C2664: “void new2D(double **&,int,int)”: 无法将参数 1 从“double ***”转换为“double **&”
     1>d:\yanxiao\lab\github\divergence-free_wavelet\c++\divergencefreewavelet\divergencefreewavelet\dfdwt3d.cpp(135): error C2065: “vhh”: 未声明的标识符
     1>d:\yanxiao\lab\github\divergence-free_wavelet\c++\divergencefreewavelet\divergencefreewavelet\dfdwt3d.cpp(143): error C2065: “ull”: 未声明的标识符
     1>d:\yanxiao\lab\github\divergence-free_wavelet\c++\divergencefreewavelet\divergencefreewavelet\dfdwt3d.cpp(144): error C2065: “vll”: 未声明的标识符
     1>d:\yanxiao\lab\github\divergence-free_wavelet\c++\divergencefreewavelet\divergencefreewavelet\dfdwt3d.cpp(146): error C2065: “uhl”: 未声明的标识符
     1>d:\yanxiao\lab\github\divergence-free_wavelet\c++\divergencefreewavelet\divergencefreewavelet\dfdwt3d.cpp(148): error C2065: “vhl”: 未声明的标识符
     1>d:\yanxiao\lab\github\divergence-free_wavelet\c++\divergencefreewavelet\divergencefreewavelet\dfdwt3d.cpp(150): error C2065: “vhl”: 未声明的标识符
     1>d:\yanxiao\lab\github\divergence-free_wavelet\c++\divergencefreewavelet\divergencefreewavelet\dfdwt3d.cpp(150): error C2065: “scene”: 未声明的标识符
     1>d:\yanxiao\lab\github\divergence-free_wavelet\c++\divergencefreewavelet\divergencefreewavelet\dfdwt3d.cpp(152): error C2065: “ulh”: 未声明的标识符
     1>d:\yanxiao\lab\github\divergence-free_wavelet\c++\divergencefreewavelet\divergencefreewavelet\dfdwt3d.cpp(154): error C2065: “vlh”: 未声明的标识符
     1>d:\yanxiao\lab\github\divergence-free_wavelet\c++\divergencefreewavelet\divergencefreewavelet\dfdwt3d.cpp(156): error C2065: “vlh”: 未声明的标识符
     1>d:\yanxiao\lab\github\divergence-free_wavelet\c++\divergencefreewavelet\divergencefreewavelet\dfdwt3d.cpp(156): error C2065: “scene”: 未声明的标识符
     1>d:\yanxiao\lab\github\divergence-free_wavelet\c++\divergencefreewavelet\divergencefreewavelet\dfdwt3d.cpp(158): error C2440: “=”: 无法从“double”转换为“double *”
     1>d:\yanxiao\lab\github\divergence-free_wavelet\c++\divergencefreewavelet\divergencefreewavelet\dfdwt3d.cpp(159): error C2065: “vhh”: 未声明的标识符
     1>d:\yanxiao\lab\github\divergence-free_wavelet\c++\divergencefreewavelet\divergencefreewavelet\dfdwt3d.cpp(170): error C2039: “ifwt3d_uv”: 不是“DFdwt3D”的成员
                 d:\yanxiao\lab\github\divergence-free_wavelet\c++\divergencefreewavelet\divergencefreewavelet\dfdwt3d.h(7) : 参见“DFdwt3D”的声明
     1>d:\yanxiao\lab\github\divergence-free_wavelet\c++\divergencefreewavelet\divergencefreewavelet\dfdwt3d.cpp(202): error C2065: “scene”: 未声明的标识符
     1>d:\yanxiao\lab\github\divergence-free_wavelet\c++\divergencefreewavelet\divergencefreewavelet\dfdwt3d.cpp(206): error C2065: “scene”: 未声明的标识符
     1>d:\yanxiao\lab\github\divergence-free_wavelet\c++\divergencefreewavelet\divergencefreewavelet\dfdwt3d.cpp(213): error C2065: “filter1”: 未声明的标识符
     1>d:\yanxiao\lab\github\divergence-free_wavelet\c++\divergencefreewavelet\divergencefreewavelet\dfdwt3d.cpp(213): error C2228: “.lor”的左边必须有类/结构/联合
                 类型是“unknown-type”
     1>d:\yanxiao\lab\github\divergence-free_wavelet\c++\divergencefreewavelet\divergencefreewavelet\dfdwt3d.cpp(213): error C2065: “filter0”: 未声明的标识符
     1>d:\yanxiao\lab\github\divergence-free_wavelet\c++\divergencefreewavelet\divergencefreewavelet\dfdwt3d.cpp(213): error C2228: “.hir”的左边必须有类/结构/联合
                 类型是“unknown-type”
     1>d:\yanxiao\lab\github\divergence-free_wavelet\c++\divergencefreewavelet\divergencefreewavelet\dfdwt3d.cpp(213): error C3861: “ifwt2d”:  找不到标识符
     1>d:\yanxiao\lab\github\divergence-free_wavelet\c++\divergencefreewavelet\divergencefreewavelet\dfdwt3d.cpp(214): error C2065: “filter0”: 未声明的标识符
     1>d:\yanxiao\lab\github\divergence-free_wavelet\c++\divergencefreewavelet\divergencefreewavelet\dfdwt3d.cpp(214): error C2228: “.lor”的左边必须有类/结构/联合
                 类型是“unknown-type”
     1>d:\yanxiao\lab\github\divergence-free_wavelet\c++\divergencefreewavelet\divergencefreewavelet\dfdwt3d.cpp(214): error C2065: “filter1”: 未声明的标识符
     1>d:\yanxiao\lab\github\divergence-free_wavelet\c++\divergencefreewavelet\divergencefreewavelet\dfdwt3d.cpp(214): error C2228: “.hir”的左边必须有类/结构/联合
                 类型是“unknown-type”
     1>d:\yanxiao\lab\github\divergence-free_wavelet\c++\divergencefreewavelet\divergencefreewavelet\dfdwt3d.cpp(214): error C3861: “ifwt2d”:  找不到标识符
     1>d:\yanxiao\lab\github\divergence-free_wavelet\c++\divergencefreewavelet\divergencefreewavelet\dfdwt3d.cpp(250): error C2511: “void DFdwt3D::ifwt3d(double ***,double ***,double ***,double ***,double ***,double ***,double ***,double ***,SubFilter,SubFilter,SubFilter,SubFilter,SubFilter,SubFilter,double ***&,int)”:“DFdwt3D”中没有找到重载的成员函数
                 d:\yanxiao\lab\github\divergence-free_wavelet\c++\divergencefreewavelet\divergencefreewavelet\dfdwt3d.h(7) : 参见“DFdwt3D”的声明
     1>d:\yanxiao\lab\github\divergence-free_wavelet\c++\divergencefreewavelet\divergencefreewavelet\dfdwt3d.cpp(254): error C2352: “DFdwt3D::conv_up3d”: 非静态成员函数的非法调用
                 d:\yanxiao\lab\github\divergence-free_wavelet\c++\divergencefreewavelet\divergencefreewavelet\dfdwt3d.h(55) : 参见“DFdwt3D::conv_up3d”的声明
     1>d:\yanxiao\lab\github\divergence-free_wavelet\c++\divergencefreewavelet\divergencefreewavelet\dfdwt3d.cpp(255): error C2352: “DFdwt3D::conv_up3d”: 非静态成员函数的非法调用
                 d:\yanxiao\lab\github\divergence-free_wavelet\c++\divergencefreewavelet\divergencefreewavelet\dfdwt3d.h(55) : 参见“DFdwt3D::conv_up3d”的声明
     1>d:\yanxiao\lab\github\divergence-free_wavelet\c++\divergencefreewavelet\divergencefreewavelet\dfdwt3d.cpp(258): error C2352: “DFdwt3D::conv_up3d”: 非静态成员函数的非法调用
                 d:\yanxiao\lab\github\divergence-free_wavelet\c++\divergencefreewavelet\divergencefreewavelet\dfdwt3d.h(55) : 参见“DFdwt3D::conv_up3d”的声明
     1>d:\yanxiao\lab\github\divergence-free_wavelet\c++\divergencefreewavelet\divergencefreewavelet\dfdwt3d.cpp(259): error C2352: “DFdwt3D::conv_up3d”: 非静态成员函数的非法调用
                 d:\yanxiao\lab\github\divergence-free_wavelet\c++\divergencefreewavelet\divergencefreewavelet\dfdwt3d.h(55) : 参见“DFdwt3D::conv_up3d”的声明
     1>d:\yanxiao\lab\github\divergence-free_wavelet\c++\divergencefreewavelet\divergencefreewavelet\dfdwt3d.cpp(262): error C2352: “DFdwt3D::conv_up3d”: 非静态成员函数的非法调用
                 d:\yanxiao\lab\github\divergence-free_wavelet\c++\divergencefreewavelet\divergencefreewavelet\dfdwt3d.h(55) : 参见“DFdwt3D::conv_up3d”的声明
     1>d:\yanxiao\lab\github\divergence-free_wavelet\c++\divergencefreewavelet\divergencefreewavelet\dfdwt3d.cpp(263): error C2352: “DFdwt3D::conv_up3d”: 非静态成员函数的非法调用
                 d:\yanxiao\lab\github\divergence-free_wavelet\c++\divergencefreewavelet\divergencefreewavelet\dfdwt3d.h(55) : 参见“DFdwt3D::conv_up3d”的声明
     1>d:\yanxiao\lab\github\divergence-free_wavelet\c++\divergencefreewavelet\divergencefreewavelet\dfdwt3d.cpp(266): error C2352: “DFdwt3D::conv_up3d”: 非静态成员函数的非法调用
                 d:\yanxiao\lab\github\divergence-free_wavelet\c++\divergencefreewavelet\divergencefreewavelet\dfdwt3d.h(55) : 参见“DFdwt3D::conv_up3d”的声明
     1>d:\yanxiao\lab\github\divergence-free_wavelet\c++\divergencefreewavelet\divergencefreewavelet\dfdwt3d.cpp(267): error C2352: “DFdwt3D::conv_up3d”: 非静态成员函数的非法调用
                 d:\yanxiao\lab\github\divergence-free_wavelet\c++\divergencefreewavelet\divergencefreewavelet\dfdwt3d.h(55) : 参见“DFdwt3D::conv_up3d”的声明
     1>d:\yanxiao\lab\github\divergence-free_wavelet\c++\divergencefreewavelet\divergencefreewavelet\dfdwt3d.cpp(270): error C2352: “DFdwt3D::conv_up3d”: 非静态成员函数的非法调用
                 d:\yanxiao\lab\github\divergence-free_wavelet\c++\divergencefreewavelet\divergencefreewavelet\dfdwt3d.h(55) : 参见“DFdwt3D::conv_up3d”的声明
     1>d:\yanxiao\lab\github\divergence-free_wavelet\c++\divergencefreewavelet\divergencefreewavelet\dfdwt3d.cpp(271): error C2352: “DFdwt3D::conv_up3d”: 非静态成员函数的非法调用
                 d:\yanxiao\lab\github\divergence-free_wavelet\c++\divergencefreewavelet\divergencefreewavelet\dfdwt3d.h(55) : 参见“DFdwt3D::conv_up3d”的声明
     1>d:\yanxiao\lab\github\divergence-free_wavelet\c++\divergencefreewavelet\divergencefreewavelet\dfdwt3d.cpp(274): error C2352: “DFdwt3D::conv_up3d”: 非静态成员函数的非法调用
                 d:\yanxiao\lab\github\divergence-free_wavelet\c++\divergencefreewavelet\divergencefreewavelet\dfdwt3d.h(55) : 参见“DFdwt3D::conv_up3d”的声明
     1>d:\yanxiao\lab\github\divergence-free_wavelet\c++\divergencefreewavelet\divergencefreewavelet\dfdwt3d.cpp(275): error C2352: “DFdwt3D::conv_up3d”: 非静态成员函数的非法调用
                 d:\yanxiao\lab\github\divergence-free_wavelet\c++\divergencefreewavelet\divergencefreewavelet\dfdwt3d.h(55) : 参见“DFdwt3D::conv_up3d”的声明
     1>d:\yanxiao\lab\github\divergence-free_wavelet\c++\divergencefreewavelet\divergencefreewavelet\dfdwt3d.cpp(278): error C2352: “DFdwt3D::conv_up3d”: 非静态成员函数的非法调用
                 d:\yanxiao\lab\github\divergence-free_wavelet\c++\divergencefreewavelet\divergencefreewavelet\dfdwt3d.h(55) : 参见“DFdwt3D::conv_up3d”的声明
     1>d:\yanxiao\lab\github\divergence-free_wavelet\c++\divergencefreewavelet\divergencefreewavelet\dfdwt3d.cpp(279): error C2352: “DFdwt3D::conv_up3d”: 非静态成员函数的非法调用
                 d:\yanxiao\lab\github\divergence-free_wavelet\c++\divergencefreewavelet\divergencefreewavelet\dfdwt3d.h(55) : 参见“DFdwt3D::conv_up3d”的声明
         DFdwt2D.cpp
     1>d:\yanxiao\lab\github\divergence-free_wavelet\c++\divergencefreewavelet\divergencefreewavelet\stdafx.h(65): warning C4996: 'fopen': This function or variable may be unsafe. Consider using fopen_s instead. To disable deprecation, use _CRT_SECURE_NO_WARNINGS. See online help for details.
                 c:\program files (x86)\microsoft visual studio 12.0\vc\include\stdio.h(211) : 参见“fopen”的声明
     1>d:\yanxiao\lab\github\divergence-free_wavelet\c++\divergencefreewavelet\divergencefreewavelet\dfdwt2d.cpp(5): warning C4996: 'fopen': This function or variable may be unsafe. Consider using fopen_s instead. To disable deprecation, use _CRT_SECURE_NO_WARNINGS. See online help for details.
                 c:\program files (x86)\microsoft visual studio 12.0\vc\include\stdio.h(211) : 参见“fopen”的声明
     1>d:\yanxiao\lab\github\divergence-free_wavelet\c++\divergencefreewavelet\divergencefreewavelet\dfdwt2d.cpp(8): warning C4996: 'fscanf': This function or variable may be unsafe. Consider using fscanf_s instead. To disable deprecation, use _CRT_SECURE_NO_WARNINGS. See online help for details.
                 c:\program files (x86)\microsoft visual studio 12.0\vc\include\stdio.h(230) : 参见“fscanf”的声明
     1>d:\yanxiao\lab\github\divergence-free_wavelet\c++\divergencefreewavelet\divergencefreewavelet\dfdwt2d.cpp(10): warning C4996: 'fopen': This function or variable may be unsafe. Consider using fopen_s instead. To disable deprecation, use _CRT_SECURE_NO_WARNINGS. See online help for details.
                 c:\program files (x86)\microsoft visual studio 12.0\vc\include\stdio.h(211) : 参见“fopen”的声明
     1>d:\yanxiao\lab\github\divergence-free_wavelet\c++\divergencefreewavelet\divergencefreewavelet\dfdwt2d.cpp(13): warning C4996: 'fscanf': This function or variable may be unsafe. Consider using fscanf_s instead. To disable deprecation, use _CRT_SECURE_NO_WARNINGS. See online help for details.
                 c:\program files (x86)\microsoft visual studio 12.0\vc\include\stdio.h(230) : 参见“fscanf”的声明
     1>d:\yanxiao\lab\github\divergence-free_wavelet\c++\divergencefreewavelet\divergencefreewavelet\dfdwt2d.cpp(48): warning C4996: 'sprintf': This function or variable may be unsafe. Consider using sprintf_s instead. To disable deprecation, use _CRT_SECURE_NO_WARNINGS. See online help for details.
                 c:\program files (x86)\microsoft visual studio 12.0\vc\include\stdio.h(356) : 参见“sprintf”的声明
     1>d:\yanxiao\lab\github\divergence-free_wavelet\c++\divergencefreewavelet\divergencefreewavelet\dfdwt2d.cpp(50): warning C4996: 'sprintf': This function or variable may be unsafe. Consider using sprintf_s instead. To disable deprecation, use _CRT_SECURE_NO_WARNINGS. See online help for details.
                 c:\program files (x86)\microsoft visual studio 12.0\vc\include\stdio.h(356) : 参见“sprintf”的声明
     1>d:\yanxiao\lab\github\divergence-free_wavelet\c++\divergencefreewavelet\divergencefreewavelet\dfdwt2d.cpp(52): warning C4996: 'sprintf': This function or variable may be unsafe. Consider using sprintf_s instead. To disable deprecation, use _CRT_SECURE_NO_WARNINGS. See online help for details.
                 c:\program files (x86)\microsoft visual studio 12.0\vc\include\stdio.h(356) : 参见“sprintf”的声明
     1>d:\yanxiao\lab\github\divergence-free_wavelet\c++\divergencefreewavelet\divergencefreewavelet\dfdwt2d.cpp(54): warning C4996: 'sprintf': This function or variable may be unsafe. Consider using sprintf_s instead. To disable deprecation, use _CRT_SECURE_NO_WARNINGS. See online help for details.
                 c:\program files (x86)\microsoft visual studio 12.0\vc\include\stdio.h(356) : 参见“sprintf”的声明
     1>d:\yanxiao\lab\github\divergence-free_wavelet\c++\divergencefreewavelet\divergencefreewavelet\dfdwt2d.cpp(56): warning C4996: 'sprintf': This function or variable may be unsafe. Consider using sprintf_s instead. To disable deprecation, use _CRT_SECURE_NO_WARNINGS. See online help for details.
                 c:\program files (x86)\microsoft visual studio 12.0\vc\include\stdio.h(356) : 参见“sprintf”的声明
     1>d:\yanxiao\lab\github\divergence-free_wavelet\c++\divergencefreewavelet\divergencefreewavelet\dfdwt2d.cpp(58): warning C4996: 'sprintf': This function or variable may be unsafe. Consider using sprintf_s instead. To disable deprecation, use _CRT_SECURE_NO_WARNINGS. See online help for details.
                 c:\program files (x86)\microsoft visual studio 12.0\vc\include\stdio.h(356) : 参见“sprintf”的声明
     1>d:\yanxiao\lab\github\divergence-free_wavelet\c++\divergencefreewavelet\divergencefreewavelet\dfdwt2d.cpp(60): warning C4996: 'sprintf': This function or variable may be unsafe. Consider using sprintf_s instead. To disable deprecation, use _CRT_SECURE_NO_WARNINGS. See online help for details.
                 c:\program files (x86)\microsoft visual studio 12.0\vc\include\stdio.h(356) : 参见“sprintf”的声明
     1>d:\yanxiao\lab\github\divergence-free_wavelet\c++\divergencefreewavelet\divergencefreewavelet\dfdwt2d.cpp(62): warning C4996: 'sprintf': This function or variable may be unsafe. Consider using sprintf_s instead. To disable deprecation, use _CRT_SECURE_NO_WARNINGS. See online help for details.
                 c:\program files (x86)\microsoft visual studio 12.0\vc\include\stdio.h(356) : 参见“sprintf”的声明
     1>d:\yanxiao\lab\github\divergence-free_wavelet\c++\divergencefreewavelet\divergencefreewavelet\dfdwt2d.cpp(79): error C2059: 语法错误:“}”
         正在生成代码...
         正在编译...
         BaseWavelet.cpp
     1>d:\yanxiao\lab\github\divergence-free_wavelet\c++\divergencefreewavelet\divergencefreewavelet\stdafx.h(65): warning C4996: 'fopen': This function or variable may be unsafe. Consider using fopen_s instead. To disable deprecation, use _CRT_SECURE_NO_WARNINGS. See online help for details.
                 c:\program files (x86)\microsoft visual studio 12.0\vc\include\stdio.h(211) : 参见“fopen”的声明
         正在生成代码...
         正在编译...
         main.cpp
     1>d:\yanxiao\lab\github\divergence-free_wavelet\c++\divergencefreewavelet\divergencefreewavelet\stdafx.h(65): warning C4996: 'fopen': This function or variable may be unsafe. Consider using fopen_s instead. To disable deprecation, use _CRT_SECURE_NO_WARNINGS. See online help for details.
                 c:\program files (x86)\microsoft visual studio 12.0\vc\include\stdio.h(211) : 参见“fopen”的声明
         Filter.cpp
     1>d:\yanxiao\lab\github\divergence-free_wavelet\c++\divergencefreewavelet\divergencefreewavelet\stdafx.h(65): warning C4996: 'fopen': This function or variable may be unsafe. Consider using fopen_s instead. To disable deprecation, use _CRT_SECURE_NO_WARNINGS. See online help for details.
                 c:\program files (x86)\microsoft visual studio 12.0\vc\include\stdio.h(211) : 参见“fopen”的声明
     1>d:\yanxiao\lab\github\divergence-free_wavelet\c++\divergencefreewavelet\divergencefreewavelet\filter.cpp(7): warning C4996: 'fopen': This function or variable may be unsafe. Consider using fopen_s instead. To disable deprecation, use _CRT_SECURE_NO_WARNINGS. See online help for details.
                 c:\program files (x86)\microsoft visual studio 12.0\vc\include\stdio.h(211) : 参见“fopen”的声明
     1>d:\yanxiao\lab\github\divergence-free_wavelet\c++\divergencefreewavelet\divergencefreewavelet\filter.cpp(8): warning C4996: 'fscanf': This function or variable may be unsafe. Consider using fscanf_s instead. To disable deprecation, use _CRT_SECURE_NO_WARNINGS. See online help for details.
                 c:\program files (x86)\microsoft visual studio 12.0\vc\include\stdio.h(230) : 参见“fscanf”的声明
     1>d:\yanxiao\lab\github\divergence-free_wavelet\c++\divergencefreewavelet\divergencefreewavelet\filter.cpp(13): warning C4996: 'fscanf': This function or variable may be unsafe. Consider using fscanf_s instead. To disable deprecation, use _CRT_SECURE_NO_WARNINGS. See online help for details.
                 c:\program files (x86)\microsoft visual studio 12.0\vc\include\stdio.h(230) : 参见“fscanf”的声明
     1>d:\yanxiao\lab\github\divergence-free_wavelet\c++\divergencefreewavelet\divergencefreewavelet\filter.cpp(18): warning C4996: 'fscanf': This function or variable may be unsafe. Consider using fscanf_s instead. To disable deprecation, use _CRT_SECURE_NO_WARNINGS. See online help for details.
                 c:\program files (x86)\microsoft visual studio 12.0\vc\include\stdio.h(230) : 参见“fscanf”的声明
     1>d:\yanxiao\lab\github\divergence-free_wavelet\c++\divergencefreewavelet\divergencefreewavelet\filter.cpp(23): warning C4996: 'fscanf': This function or variable may be unsafe. Consider using fscanf_s instead. To disable deprecation, use _CRT_SECURE_NO_WARNINGS. See online help for details.
                 c:\program files (x86)\microsoft visual studio 12.0\vc\include\stdio.h(230) : 参见“fscanf”的声明
     1>d:\yanxiao\lab\github\divergence-free_wavelet\c++\divergencefreewavelet\divergencefreewavelet\filter.cpp(28): warning C4996: 'fscanf': This function or variable may be unsafe. Consider using fscanf_s instead. To disable deprecation, use _CRT_SECURE_NO_WARNINGS. See online help for details.
                 c:\program files (x86)\microsoft visual studio 12.0\vc\include\stdio.h(230) : 参见“fscanf”的声明
         正在生成代码...
     1>已完成生成项目“D:\YanXiao\lab\Github\Divergence-free_Wavelet\C++\DivergenceFreeWavelet\DivergenceFreeWavelet\DivergenceFreeWavelet.vcxproj”(Build 个目标)的操作 - 失败。

生成失败。

已用时间 00:00:04.53
