D:\YANXIAO\GITHUB\DIVERGENCE-FREE_WAVELET\C++\DIVERGENCEFREEWAVELET\DEBUG\DIVERGENCEFREEWAVELET.EXE
D:\YanXiao\Github\Divergence-free_Wavelet\C++\DivergenceFreeWavelet\Debug\DivergenceFreeWavelet.pdb
D:\YANXIAO\GITHUB\DIVERGENCE-FREE_WAVELET\C++\DIVERGENCEFREEWAVELET\DIVERGENCEFREEWAVELET\DEBUG\BASEWAVELET.OBJ
D:\YanXiao\Github\Divergence-free_Wavelet\C++\DivergenceFreeWavelet\DivergenceFreeWavelet\Debug\cl.command.1.tlog
D:\YanXiao\Github\Divergence-free_Wavelet\C++\DivergenceFreeWavelet\DivergenceFreeWavelet\Debug\CL.read.1.tlog
D:\YanXiao\Github\Divergence-free_Wavelet\C++\DivergenceFreeWavelet\DivergenceFreeWavelet\Debug\CL.write.1.tlog
D:\YANXIAO\GITHUB\DIVERGENCE-FREE_WAVELET\C++\DIVERGENCEFREEWAVELET\DIVERGENCEFREEWAVELET\DEBUG\DFDWT2D.OBJ
D:\YANXIAO\GITHUB\DIVERGENCE-FREE_WAVELET\C++\DIVERGENCEFREEWAVELET\DIVERGENCEFREEWAVELET\DEBUG\DFDWT3D.OBJ
D:\YanXiao\Github\Divergence-free_Wavelet\C++\DivergenceFreeWavelet\DivergenceFreeWavelet\Debug\DivergenceFreeWavelet.exe.intermediate.manifest
D:\YanXiao\Github\Divergence-free_Wavelet\C++\DivergenceFreeWavelet\DivergenceFreeWavelet\Debug\DivergenceFreeWavelet.vcxprojResolveAssemblyReference.cache
D:\YanXiao\Github\Divergence-free_Wavelet\C++\DivergenceFreeWavelet\DivergenceFreeWavelet\Debug\DivergenceFreeWavelet.write.1.tlog
D:\YANXIAO\GITHUB\DIVERGENCE-FREE_WAVELET\C++\DIVERGENCEFREEWAVELET\DIVERGENCEFREEWAVELET\DEBUG\FILTER.OBJ
D:\YanXiao\Github\Divergence-free_Wavelet\C++\DivergenceFreeWavelet\DivergenceFreeWavelet\Debug\link.command.1.tlog
D:\YanXiao\Github\Divergence-free_Wavelet\C++\DivergenceFreeWavelet\DivergenceFreeWavelet\Debug\link.read.1.tlog
D:\YanXiao\Github\Divergence-free_Wavelet\C++\DivergenceFreeWavelet\DivergenceFreeWavelet\Debug\link.write.1.tlog
D:\YANXIAO\GITHUB\DIVERGENCE-FREE_WAVELET\C++\DIVERGENCEFREEWAVELET\DIVERGENCEFREEWAVELET\DEBUG\MAIN.OBJ
D:\YanXiao\Github\Divergence-free_Wavelet\C++\DivergenceFreeWavelet\DivergenceFreeWavelet\Debug\mt.command.1.tlog
D:\YanXiao\Github\Divergence-free_Wavelet\C++\DivergenceFreeWavelet\DivergenceFreeWavelet\Debug\mt.read.1.tlog
D:\YanXiao\Github\Divergence-free_Wavelet\C++\DivergenceFreeWavelet\DivergenceFreeWavelet\Debug\mt.write.1.tlog
D:\YanXiao\Github\Divergence-free_Wavelet\C++\DivergenceFreeWavelet\DivergenceFreeWavelet\Debug\vc100.idb
D:\YANXIAO\GITHUB\DIVERGENCE-FREE_WAVELET\C++\DIVERGENCEFREEWAVELET\DIVERGENCEFREEWAVELET\DEBUG\VC100.PDB
